#
# A fatal error has been detected by the Java Runtime Environment:
#
#  SIGSEGV (0xb) at pc=0x00007fff707cae52, pid=53083, tid=6147
#
# JRE version:  (11.0.9+7) (build )
# Java VM: Java HotSpot(TM) 64-Bit Server VM (11.0.9+7-LTS, mixed mode, sharing, tiered, compressed oops, parallel gc, bsd-amd64)
# Problematic frame:
# C  [libsystem_platform.dylib+0xe52]  _platform_strlen+0x12
#
# No core dump will be written. Core dumps have been disabled. To enable core dumping, try "ulimit -c unlimited" before starting Java again
#
#

---------------  S U M M A R Y ------------

Command Line: --add-modules=ALL-SYSTEM --add-opens=java.base/java.util=ALL-UNNAMED --add-opens=java.base/java.lang=ALL-UNNAMED -Declipse.application=org.eclipse.jdt.ls.core.id1 -Dosgi.bundles.defaultStartLevel=4 -Declipse.product=org.eclipse.jdt.ls.core.product -Dfile.encoding=utf8 -XX:+UseParallelGC -XX:GCTimeRatio=4 -XX:AdaptiveSizePolicyWeight=90 -Dsun.zip.disableMemoryMapping=true -Xmx1G -Xms100m -javaagent:/Users/winterchen/.vscode/extensions/gabrielbb.vscode-lombok-1.0.1/server/lombok.jar -Xverify:none /Users/winterchen/.vscode/extensions/redhat.java-0.80.0/server/plugins/org.eclipse.equinox.launcher_1.6.200.v20210416-2027.jar -configuration /Users/winterchen/Library/Application Support/Code/User/globalStorage/redhat.java/0.80.0/config_ss_mac -data /Users/winterchen/Library/Application Support/Code/User/workspaceStorage/8fce040a1d01425d5a554bd16dfd97bc/redhat.java/ss_ws

Host: MacBookPro12,1 x86_64 2700 MHz, 4 cores, 8G, Darwin 19.6.0
Time: Mon Aug 16 13:30:09 2021 CST elapsed time: 0.032127 seconds (0d 0h 0m 0s)

---------------  T H R E A D  ---------------

Current thread (0x00007fc14700f000):  JavaThread "Unknown thread" [_thread_in_vm, id=6147, stack(0x0000700002b98000,0x0000700002c98000)]

Stack: [0x0000700002b98000,0x0000700002c98000],  sp=0x0000700002c97b70,  free space=1022k
Native frames: (J=compiled Java code, A=aot compiled Java code, j=interpreted, Vv=VM code, C=native code)
C  [libsystem_platform.dylib+0xe52]  _platform_strlen+0x12
V  [libjvm.dylib+0x1eac5d]  _ZN11ClassLoader22setup_boot_search_pathEPKc+0x1d
V  [libjvm.dylib+0x1ed6ef]  _ZN11ClassLoader10initializeEv+0x5d3
V  [libjvm.dylib+0x382d7d]  _Z12init_globalsv+0x2d
V  [libjvm.dylib+0x74557b]  _ZN7Threads9create_vmEP14JavaVMInitArgsPb+0x285
V  [libjvm.dylib+0x3f153c]  JNI_CreateJavaVM+0x60
C  [libjli.dylib+0x40c4]  JavaMain+0x10b
C  [libsystem_pthread.dylib+0x6109]  _pthread_start+0x94
C  [libsystem_pthread.dylib+0x1b8b]  thread_start+0xf


siginfo: si_signo: 11 (SIGSEGV), si_code: 1 (SEGV_MAPERR), si_addr: 0x0000000000000000

Registers:
RAX=0x000000010b98a842, RBX=0x000000010b98e6f8, RCX=0x0000000000000000, RDX=0x0000000000000000
RSP=0x0000700002c97b70, RBP=0x0000700002c97b70, RSI=0x0000000000000000, RDI=0x0000000000000000
R8 =0x0000000000000000, R9 =0x0000000000000000, R10=0x0000000000000000, R11=0x0000000000000000
R12=0x00007fc14700f000, R13=0x0000700002c97f80, R14=0x000000010b5fc330, R15=0x0000700002c97ef7
RIP=0x00007fff707cae52, EFLAGS=0x0000000000010246, ERR=0x0000000000000004
  TRAPNO=0x000000000000000e

Top of Stack: (sp=0x0000700002c97b70)
0x0000700002c97b70:   0000700002c97c90 000000010b1eac5d
0x0000700002c97b80:   00007fc145e08a10 0000000000000008
0x0000700002c97b90:   00007fc145e06bf0 0000000000000040
0x0000700002c97ba0:   0000700002c97bd0 000000010b674d28
0x0000700002c97bb0:   0000000000000038 0000000000000008
0x0000700002c97bc0:   00007fc145e0ba20 0000000000000040
0x0000700002c97bd0:   0000700002c97c30 000000010b673315
0x0000700002c97be0:   0000700002c97c10 000000010b61ee2f
0x0000700002c97bf0:   00007fc145e08a10 00007fc145e0ba20
0x0000700002c97c00:   00007fc145e08e80 00007fc145e06c70
0x0000700002c97c10:   0000700002c97c50 000000010b673998
0x0000700002c97c20:   00007fc145e0ba20 00007fc145e0ba20
0x0000700002c97c30:   0000000000000004 000000010b7d5f2b
0x0000700002c97c40:   000000000000000b 0000000000000000
0x0000700002c97c50:   779c4720619e00a2 0000000000000000
0x0000700002c97c60:   000000010b5fc330 000000010b98e6f8
0x0000700002c97c70:   00007fc14700f000 0000700002c97f80
0x0000700002c97c80:   000000010b5fc330 0000700002c97ef7
0x0000700002c97c90:   0000700002c97cc0 000000010b1ed6ef
0x0000700002c97ca0:   00007fc14700f000 00007fc14700f000
0x0000700002c97cb0:   000000010b98e6f8 000000010b5fc330
0x0000700002c97cc0:   0000700002c97d10 000000010b382d7d
0x0000700002c97cd0:   00007fc14700f000 00007fc145e08a60
0x0000700002c97ce0:   00007fc145e08c20 00007fc145e08c30
0x0000700002c97cf0:   00007fc145e08d08 00000000000000d8
0x0000700002c97d00:   00007fc145e08670 000000010b98e6f8
0x0000700002c97d10:   0000700002c97ea0 000000010b74557b
0x0000700002c97d20:   0000000000000000 0000000000000000
0x0000700002c97d30:   0000000000000000 0000000000000000
0x0000700002c97d40:   0000000000000000 0000000000000000
0x0000700002c97d50:   0000000000000000 0000000000000000
0x0000700002c97d60:   0000000000000100 0000000000000000 

Instructions: (pc=0x00007fff707cae52)
0x00007fff707cae32:   90 90 90 90 90 90 90 90 90 90 90 90 90 90 55 48
0x00007fff707cae42:   89 e5 48 89 f9 48 89 fa 48 83 e7 f0 66 0f ef c0
0x00007fff707cae52:   66 0f 74 07 66 0f d7 f0 48 83 e1 0f 48 83 c8 ff
0x00007fff707cae62:   48 d3 e0 21 c6 74 17 0f bc c6 48 29 d7 48 01 f8 


---------------  P R O C E S S  ---------------

Threads class SMR info:
_java_thread_list=0x00007fc145d06540, length=0, elements={
}

Java Threads: ( => current thread )

Other Threads:

[error occurred during error reporting (printing all threads), id 0xb, SIGSEGV (0xb) at pc=0x000000010b746882]

VM state:not at safepoint (not fully initialized)

VM Mutex/Monitor currently owned by a thread: None


[error occurred during error reporting (printing compressed oops mode), id 0xb, SIGSEGV (0xb) at pc=0x000000010b75c2aa]

Deoptimization events (0 events):
No events

Classes redefined (0 events):
No events

Internal exceptions (0 events):
No events

Events (0 events):
No events


Dynamic libraries:
0x00007fff355fd000 	/System/Library/Frameworks/Cocoa.framework/Versions/A/Cocoa
0x00007fff42df2000 	/System/Library/Frameworks/Security.framework/Versions/A/Security
0x00007fff34562000 	/System/Library/Frameworks/ApplicationServices.framework/Versions/A/ApplicationServices
0x00007fff6faf5000 	/usr/lib/libz.1.dylib
0x000000010a6fc000 	/Users/winterchen/study/jdk-11.0.9.jdk/Contents/Home/lib/jli/libjli.dylib
0x00007fff6d5b9000 	/usr/lib/libSystem.B.dylib
0x00007fff33752000 	/System/Library/Frameworks/AppKit.framework/Versions/C/AppKit
0x00007fff35f81000 	/System/Library/Frameworks/CoreData.framework/Versions/A/CoreData
0x00007fff38b5c000 	/System/Library/Frameworks/Foundation.framework/Versions/C/Foundation
0x00007fff675cf000 	/System/Library/PrivateFrameworks/UIFoundation.framework/Versions/A/UIFoundation
0x00007fff62663000 	/System/Library/PrivateFrameworks/RemoteViewServices.framework/Versions/A/RemoteViewServices
0x00007fff6a129000 	/System/Library/PrivateFrameworks/XCTTargetBootstrap.framework/Versions/A/XCTTargetBootstrap
0x00007fff3636c000 	/System/Library/Frameworks/CoreDisplay.framework/Versions/A/CoreDisplay
0x00007fff3ba16000 	/System/Library/Frameworks/Metal.framework/Versions/A/Metal
0x00007fff5060e000 	/System/Library/PrivateFrameworks/DesktopServicesPriv.framework/Versions/A/DesktopServicesPriv
0x00007fff6e6f4000 	/usr/lib/liblangid.dylib
0x00007fff4f8a3000 	/System/Library/PrivateFrameworks/CoreSVG.framework/Versions/A/CoreSVG
0x00007fff657bf000 	/System/Library/PrivateFrameworks/SkyLight.framework/Versions/A/SkyLight
0x00007fff36920000 	/System/Library/Frameworks/CoreGraphics.framework/Versions/A/CoreGraphics
0x00007fff32126000 	/System/Library/Frameworks/Accelerate.framework/Versions/A/Accelerate
0x00007fff6f9e6000 	/usr/lib/libxml2.2.dylib
0x00007fff5b5ac000 	/System/Library/PrivateFrameworks/IconServices.framework/Versions/A/IconServices
0x00007fff3933b000 	/System/Library/Frameworks/IOSurface.framework/Versions/A/IOSurface
0x00007fff6d0e3000 	/usr/lib/libDiagnosticMessagesClient.dylib
0x00007fff50468000 	/System/Library/PrivateFrameworks/DFRFoundation.framework/Versions/A/DFRFoundation
0x00007fff6e483000 	/usr/lib/libicucore.A.dylib
0x00007fff34894000 	/System/Library/Frameworks/AudioToolbox.framework/Versions/A/AudioToolbox
0x00007fff34977000 	/System/Library/Frameworks/AudioUnit.framework/Versions/A/AudioUnit
0x00007fff6d7bb000 	/usr/lib/libauto.dylib
0x00007fff5050a000 	/System/Library/PrivateFrameworks/DataDetectorsCore.framework/Versions/A/DataDetectorsCore
0x00007fff3511e000 	/System/Library/Frameworks/Carbon.framework/Versions/A/Frameworks/HIToolbox.framework/Versions/A/HIToolbox
0x00007fff41fee000 	/System/Library/Frameworks/QuartzCore.framework/Versions/A/QuartzCore
0x00007fff3545d000 	/System/Library/Frameworks/Carbon.framework/Versions/A/Frameworks/SpeechRecognition.framework/Versions/A/SpeechRecognition
0x00007fff4ff7c000 	/System/Library/PrivateFrameworks/CoreUI.framework/Versions/A/CoreUI
0x00007fff359ec000 	/System/Library/Frameworks/CoreAudio.framework/Versions/A/CoreAudio
0x00007fff3881b000 	/System/Library/Frameworks/DiskArbitration.framework/Versions/A/DiskArbitration
0x00007fff5d63e000 	/System/Library/PrivateFrameworks/MultitouchSupport.framework/Versions/A/MultitouchSupport
0x00007fff6e34a000 	/usr/lib/libenergytrace.dylib
0x00007fff39295000 	/System/Library/Frameworks/IOKit.framework/Versions/A/IOKit
0x00007fff37887000 	/System/Library/Frameworks/CoreServices.framework/Versions/A/CoreServices
0x00007fff5f7f6000 	/System/Library/PrivateFrameworks/PerformanceAnalysis.framework/Versions/A/PerformanceAnalysis
0x00007fff41021000 	/System/Library/Frameworks/OpenGL.framework/Versions/A/OpenGL
0x00007fff6f419000 	/usr/lib/libobjc.A.dylib
0x00007fff3560b000 	/System/Library/Frameworks/ColorSync.framework/Versions/A/ColorSync
0x00007fff3649f000 	/System/Library/Frameworks/CoreFoundation.framework/Versions/A/CoreFoundation
0x00007fff36fa3000 	/System/Library/Frameworks/CoreImage.framework/Versions/A/CoreImage
0x00007fff382fa000 	/System/Library/Frameworks/CoreText.framework/Versions/A/CoreText
0x00007fff393cb000 	/System/Library/Frameworks/ImageIO.framework/Versions/A/ImageIO
0x00007fff6d89f000 	/usr/lib/libc++.1.dylib
0x00007fff6d91b000 	/usr/lib/libcompression.dylib
0x00007fff6d427000 	/usr/lib/libMobileGestalt.dylib
0x00007fff67339000 	/System/Library/PrivateFrameworks/TextureIO.framework/Versions/A/TextureIO
0x00007fff6d71e000 	/usr/lib/libate.dylib
0x00007fff5b7b5000 	/System/Library/PrivateFrameworks/InternationalSupport.framework/Versions/A/InternationalSupport
0x00007fff703b6000 	/usr/lib/system/libcache.dylib
0x00007fff703bc000 	/usr/lib/system/libcommonCrypto.dylib
0x00007fff703c8000 	/usr/lib/system/libcompiler_rt.dylib
0x00007fff703d0000 	/usr/lib/system/libcopyfile.dylib
0x00007fff703da000 	/usr/lib/system/libcorecrypto.dylib
0x00007fff70579000 	/usr/lib/system/libdispatch.dylib
0x00007fff705ba000 	/usr/lib/system/libdyld.dylib
0x00007fff705f1000 	/usr/lib/system/libkeymgr.dylib
0x00007fff705ff000 	/usr/lib/system/liblaunch.dylib
0x00007fff70600000 	/usr/lib/system/libmacho.dylib
0x00007fff70606000 	/usr/lib/system/libquarantine.dylib
0x00007fff70609000 	/usr/lib/system/libremovefile.dylib
0x00007fff7060b000 	/usr/lib/system/libsystem_asl.dylib
0x00007fff70623000 	/usr/lib/system/libsystem_blocks.dylib
0x00007fff70624000 	/usr/lib/system/libsystem_c.dylib
0x00007fff706ac000 	/usr/lib/system/libsystem_configuration.dylib
0x00007fff706b0000 	/usr/lib/system/libsystem_coreservices.dylib
0x00007fff706b4000 	/usr/lib/system/libsystem_darwin.dylib
0x00007fff706bd000 	/usr/lib/system/libsystem_dnssd.dylib
0x00007fff706c5000 	/usr/lib/system/libsystem_featureflags.dylib
0x00007fff706c7000 	/usr/lib/system/libsystem_info.dylib
0x00007fff70742000 	/usr/lib/system/libsystem_m.dylib
0x00007fff7078a000 	/usr/lib/system/libsystem_malloc.dylib
0x00007fff707b2000 	/usr/lib/system/libsystem_networkextension.dylib
0x00007fff707c0000 	/usr/lib/system/libsystem_notify.dylib
0x00007fff707de000 	/usr/lib/system/libsystem_sandbox.dylib
0x00007fff707e3000 	/usr/lib/system/libsystem_secinit.dylib
0x00007fff70715000 	/usr/lib/system/libsystem_kernel.dylib
0x00007fff707ca000 	/usr/lib/system/libsystem_platform.dylib
0x00007fff707d3000 	/usr/lib/system/libsystem_pthread.dylib
0x00007fff707e6000 	/usr/lib/system/libsystem_symptoms.dylib
0x00007fff707ee000 	/usr/lib/system/libsystem_trace.dylib
0x00007fff70806000 	/usr/lib/system/libunwind.dylib
0x00007fff7080c000 	/usr/lib/system/libxpc.dylib
0x00007fff6d8f2000 	/usr/lib/libc++abi.dylib
0x00007fff6e6f6000 	/usr/lib/liblzma.5.dylib
0x00007fff6e371000 	/usr/lib/libfakelink.dylib
0x00007fff6d6ab000 	/usr/lib/libarchive.2.dylib
0x00007fff43ea3000 	/System/Library/Frameworks/SystemConfiguration.framework/Versions/A/SystemConfiguration
0x00007fff6d016000 	/usr/lib/libCRFSuite.dylib
0x00007fff34d0e000 	/System/Library/Frameworks/CFNetwork.framework/Versions/A/CFNetwork
0x00007fff6d881000 	/usr/lib/libbsm.0.dylib
0x00007fff705f2000 	/usr/lib/system/libkxld.dylib
0x00007fff49de5000 	/System/Library/PrivateFrameworks/AppleFSCompression.framework/Versions/A/AppleFSCompression
0x00007fff6dc0c000 	/usr/lib/libcoretls.dylib
0x00007fff6dc23000 	/usr/lib/libcoretls_cfhelpers.dylib
0x00007fff6f45f000 	/usr/lib/libpam.2.dylib
0x00007fff6f594000 	/usr/lib/libsqlite3.dylib
0x00007fff6f9d3000 	/usr/lib/libxar.1.dylib
0x00007fff6d892000 	/usr/lib/libbz2.1.0.dylib
0x00007fff6e392000 	/usr/lib/libiconv.2.dylib
0x00007fff6d908000 	/usr/lib/libcharset.1.dylib
0x00007fff6eefc000 	/usr/lib/libnetwork.dylib
0x00007fff6f466000 	/usr/lib/libpcap.A.dylib
0x00007fff6d660000 	/usr/lib/libapple_nghttp2.dylib
0x00007fff37c3e000 	/System/Library/Frameworks/CoreServices.framework/Versions/A/Frameworks/FSEvents.framework/Versions/A/FSEvents
0x00007fff3790e000 	/System/Library/Frameworks/CoreServices.framework/Versions/A/Frameworks/CarbonCore.framework/Versions/A/CarbonCore
0x00007fff37e82000 	/System/Library/Frameworks/CoreServices.framework/Versions/A/Frameworks/Metadata.framework/Versions/A/Metadata
0x00007fff37f1b000 	/System/Library/Frameworks/CoreServices.framework/Versions/A/Frameworks/OSServices.framework/Versions/A/OSServices
0x00007fff37f49000 	/System/Library/Frameworks/CoreServices.framework/Versions/A/Frameworks/SearchKit.framework/Versions/A/SearchKit
0x00007fff37888000 	/System/Library/Frameworks/CoreServices.framework/Versions/A/Frameworks/AE.framework/Versions/A/AE
0x00007fff37c47000 	/System/Library/Frameworks/CoreServices.framework/Versions/A/Frameworks/LaunchServices.framework/Versions/A/LaunchServices
0x00007fff37bf0000 	/System/Library/Frameworks/CoreServices.framework/Versions/A/Frameworks/DictionaryServices.framework/Versions/A/DictionaryServices
0x00007fff37fb1000 	/System/Library/Frameworks/CoreServices.framework/Versions/A/Frameworks/SharedFileList.framework/Versions/A/SharedFileList
0x00007fff3ce40000 	/System/Library/Frameworks/NetFS.framework/Versions/A/NetFS
0x00007fff5db6e000 	/System/Library/PrivateFrameworks/NetAuth.framework/Versions/A/NetAuth
0x00007fff6a4f6000 	/System/Library/PrivateFrameworks/login.framework/Versions/A/Frameworks/loginsupport.framework/Versions/A/loginsupport
0x00007fff66e04000 	/System/Library/PrivateFrameworks/TCC.framework/Versions/A/TCC
0x00007fff4ea16000 	/System/Library/PrivateFrameworks/CoreNLP.framework/Versions/A/CoreNLP
0x00007fff5d029000 	/System/Library/PrivateFrameworks/MetadataUtilities.framework/Versions/A/MetadataUtilities
0x00007fff6e7ce000 	/usr/lib/libmecabra.dylib
0x00007fff6e726000 	/usr/lib/libmecab.dylib
0x00007fff6e382000 	/usr/lib/libgermantok.dylib
0x00007fff6d647000 	/usr/lib/libThaiTokenizer.dylib
0x00007fff6d04d000 	/usr/lib/libChineseTokenizer.dylib
0x00007fff3213e000 	/System/Library/Frameworks/Accelerate.framework/Versions/A/Frameworks/vImage.framework/Versions/A/vImage
0x00007fff335a8000 	/System/Library/Frameworks/Accelerate.framework/Versions/A/Frameworks/vecLib.framework/Versions/A/vecLib
0x00007fff334e5000 	/System/Library/Frameworks/Accelerate.framework/Versions/A/Frameworks/vecLib.framework/Versions/A/libvMisc.dylib
0x00007fff3330d000 	/System/Library/Frameworks/Accelerate.framework/Versions/A/Frameworks/vecLib.framework/Versions/A/libvDSP.dylib
0x00007fff32795000 	/System/Library/Frameworks/Accelerate.framework/Versions/A/Frameworks/vecLib.framework/Versions/A/libBLAS.dylib
0x00007fff32ed1000 	/System/Library/Frameworks/Accelerate.framework/Versions/A/Frameworks/vecLib.framework/Versions/A/libLAPACK.dylib
0x00007fff3326d000 	/System/Library/Frameworks/Accelerate.framework/Versions/A/Frameworks/vecLib.framework/Versions/A/libLinearAlgebra.dylib
0x00007fff332fa000 	/System/Library/Frameworks/Accelerate.framework/Versions/A/Frameworks/vecLib.framework/Versions/A/libSparseBLAS.dylib
0x00007fff33283000 	/System/Library/Frameworks/Accelerate.framework/Versions/A/Frameworks/vecLib.framework/Versions/A/libQuadrature.dylib
0x00007fff329fd000 	/System/Library/Frameworks/Accelerate.framework/Versions/A/Frameworks/vecLib.framework/Versions/A/libBNNS.dylib
0x00007fff33289000 	/System/Library/Frameworks/Accelerate.framework/Versions/A/Frameworks/vecLib.framework/Versions/A/libSparse.dylib
0x00007fff5bb9d000 	/System/Library/PrivateFrameworks/LanguageModeling.framework/Versions/A/LanguageModeling
0x00007fff4e3c6000 	/System/Library/PrivateFrameworks/CoreEmoji.framework/Versions/A/CoreEmoji
0x00007fff5bcbb000 	/System/Library/PrivateFrameworks/LinguisticData.framework/Versions/A/LinguisticData
0x00007fff5bc6c000 	/System/Library/PrivateFrameworks/Lexicon.framework/Versions/A/Lexicon
0x00007fff6d909000 	/usr/lib/libcmph.dylib
0x00007fff3fa2f000 	/System/Library/Frameworks/OpenDirectory.framework/Versions/A/Frameworks/CFOpenDirectory.framework/Versions/A/CFOpenDirectory
0x00007fff3fa4c000 	/System/Library/Frameworks/OpenDirectory.framework/Versions/A/OpenDirectory
0x00007fff47e8d000 	/System/Library/PrivateFrameworks/APFS.framework/Versions/A/APFS
0x00007fff4313c000 	/System/Library/Frameworks/SecurityFoundation.framework/Versions/A/SecurityFoundation
0x00007fff6f9cf000 	/usr/lib/libutil.dylib
0x00007fff4f8fb000 	/System/Library/PrivateFrameworks/CoreServicesStore.framework/Versions/A/CoreServicesStore
0x00007fff431f3000 	/System/Library/Frameworks/ServiceManagement.framework/Versions/A/ServiceManagement
0x00007fff4b5b5000 	/System/Library/PrivateFrameworks/BackgroundTaskManagement.framework/Versions/A/BackgroundTaskManagement
0x00007fff6facc000 	/usr/lib/libxslt.1.dylib
0x00007fff4a458000 	/System/Library/PrivateFrameworks/AppleSystemInfo.framework/Versions/A/AppleSystemInfo
0x00007fff395e6000 	/System/Library/Frameworks/ImageIO.framework/Versions/A/Resources/libJPEG.dylib
0x00007fff398a4000 	/System/Library/Frameworks/ImageIO.framework/Versions/A/Resources/libTIFF.dylib
0x00007fff39887000 	/System/Library/Frameworks/ImageIO.framework/Versions/A/Resources/libPng.dylib
0x00007fff39528000 	/System/Library/Frameworks/ImageIO.framework/Versions/A/Resources/libGIF.dylib
0x00007fff3952c000 	/System/Library/Frameworks/ImageIO.framework/Versions/A/Resources/libJP2.dylib
0x00007fff398a2000 	/System/Library/Frameworks/ImageIO.framework/Versions/A/Resources/libRadiance.dylib
0x00007fff6e34b000 	/usr/lib/libexpat.1.dylib
0x00007fff49f40000 	/System/Library/PrivateFrameworks/AppleJPEG.framework/Versions/A/AppleJPEG
0x00007fff52c11000 	/System/Library/PrivateFrameworks/FontServices.framework/libFontParser.dylib
0x00007fff694f8000 	/System/Library/PrivateFrameworks/WatchdogClient.framework/Versions/A/WatchdogClient
0x00007fff5b1f8000 	/System/Library/PrivateFrameworks/IOAccelerator.framework/Versions/A/IOAccelerator
0x00007fff3bdb1000 	/System/Library/Frameworks/MetalPerformanceShaders.framework/Versions/A/MetalPerformanceShaders
0x00007fff5798e000 	/System/Library/PrivateFrameworks/GPUWrangler.framework/Versions/A/GPUWrangler
0x00007fff5b20d000 	/System/Library/PrivateFrameworks/IOPresentment.framework/Versions/A/IOPresentment
0x00007fff5047b000 	/System/Library/PrivateFrameworks/DSExternalDisplay.framework/Versions/A/DSExternalDisplay
0x00007fff403c0000 	/System/Library/Frameworks/OpenGL.framework/Versions/A/Libraries/libCoreFSCache.dylib
0x00007fff3bafd000 	/System/Library/Frameworks/MetalPerformanceShaders.framework/Frameworks/MPSCore.framework/Versions/A/MPSCore
0x00007fff3bb3b000 	/System/Library/Frameworks/MetalPerformanceShaders.framework/Frameworks/MPSImage.framework/Versions/A/MPSImage
0x00007fff3bc02000 	/System/Library/Frameworks/MetalPerformanceShaders.framework/Frameworks/MPSNeuralNetwork.framework/Versions/A/MPSNeuralNetwork
0x00007fff3bbc6000 	/System/Library/Frameworks/MetalPerformanceShaders.framework/Frameworks/MPSMatrix.framework/Versions/A/MPSMatrix
0x00007fff3bd61000 	/System/Library/Frameworks/MetalPerformanceShaders.framework/Frameworks/MPSRayIntersector.framework/Versions/A/MPSRayIntersector
0x00007fff3bbec000 	/System/Library/Frameworks/MetalPerformanceShaders.framework/Frameworks/MPSNDArray.framework/Versions/A/MPSNDArray
0x00007fff5d076000 	/System/Library/PrivateFrameworks/MetalTools.framework/Versions/A/MetalTools
0x00007fff49067000 	/System/Library/PrivateFrameworks/AggregateDictionary.framework/Versions/A/AggregateDictionary
0x00007fff4de0e000 	/System/Library/PrivateFrameworks/CoreAnalytics.framework/Versions/A/CoreAnalytics
0x00007fff4a377000 	/System/Library/PrivateFrameworks/AppleSauce.framework/Versions/A/AppleSauce
0x00007fff6d309000 	/usr/lib/libIOReport.dylib
0x00007fff384b2000 	/System/Library/Frameworks/CoreVideo.framework/Versions/A/CoreVideo
0x00007fff58e07000 	/System/Library/PrivateFrameworks/GraphVisualizer.framework/Versions/A/GraphVisualizer
0x00007fff52157000 	/System/Library/PrivateFrameworks/FaceCore.framework/Versions/A/FaceCore
0x00007fff3f9d6000 	/System/Library/Frameworks/OpenCL.framework/Versions/A/OpenCL
0x00007fff6d12b000 	/usr/lib/libFosl_dynamic.dylib
0x00007fff5e58e000 	/System/Library/PrivateFrameworks/OTSVG.framework/Versions/A/OTSVG
0x00007fff34667000 	/System/Library/Frameworks/ApplicationServices.framework/Versions/A/Frameworks/ATS.framework/Versions/A/Resources/libFontRegistry.dylib
0x00007fff52de2000 	/System/Library/PrivateFrameworks/FontServices.framework/libhvf.dylib
0x00007fff403cb000 	/System/Library/Frameworks/OpenGL.framework/Versions/A/Libraries/libGFXShared.dylib
0x00007fff405a9000 	/System/Library/Frameworks/OpenGL.framework/Versions/A/Libraries/libGLU.dylib
0x00007fff403d4000 	/System/Library/Frameworks/OpenGL.framework/Versions/A/Libraries/libGL.dylib
0x00007fff403df000 	/System/Library/Frameworks/OpenGL.framework/Versions/A/Libraries/libGLImage.dylib
0x00007fff403bd000 	/System/Library/Frameworks/OpenGL.framework/Versions/A/Libraries/libCVMSPluginSupport.dylib
0x00007fff403c6000 	/System/Library/Frameworks/OpenGL.framework/Versions/A/Libraries/libCoreVMClient.dylib
0x00007fff6ed9d000 	/usr/lib/libncurses.5.4.dylib
0x00007fff34563000 	/System/Library/Frameworks/ApplicationServices.framework/Versions/A/Frameworks/ATS.framework/Versions/A/ATS
0x00007fff34730000 	/System/Library/Frameworks/ApplicationServices.framework/Versions/A/Frameworks/ColorSyncLegacy.framework/Versions/A/ColorSyncLegacy
0x00007fff347ce000 	/System/Library/Frameworks/ApplicationServices.framework/Versions/A/Frameworks/HIServices.framework/Versions/A/HIServices
0x00007fff34826000 	/System/Library/Frameworks/ApplicationServices.framework/Versions/A/Frameworks/LangAnalysis.framework/Versions/A/LangAnalysis
0x00007fff34835000 	/System/Library/Frameworks/ApplicationServices.framework/Versions/A/Frameworks/PrintCore.framework/Versions/A/PrintCore
0x00007fff3487b000 	/System/Library/Frameworks/ApplicationServices.framework/Versions/A/Frameworks/QD.framework/Versions/A/QD
0x00007fff34886000 	/System/Library/Frameworks/ApplicationServices.framework/Versions/A/Frameworks/SpeechSynthesis.framework/Versions/A/SpeechSynthesis
0x00007fff34700000 	/System/Library/Frameworks/ApplicationServices.framework/Versions/A/Frameworks/ATSUI.framework/Versions/A/ATSUI
0x00007fff6e1e1000 	/usr/lib/libcups.2.dylib
0x00007fff3ae4c000 	/System/Library/Frameworks/Kerberos.framework/Versions/A/Kerberos
0x00007fff38f8e000 	/System/Library/Frameworks/GSS.framework/Versions/A/GSS
0x00007fff6f520000 	/usr/lib/libresolv.9.dylib
0x00007fff58fb4000 	/System/Library/PrivateFrameworks/Heimdal.framework/Versions/A/Heimdal
0x00007fff3ae5f000 	/System/Library/Frameworks/Kerberos.framework/Versions/A/Libraries/libHeimdalProxy.dylib
0x00007fff6e388000 	/usr/lib/libheimdal-asn1.dylib
0x00007fff4d2a6000 	/System/Library/PrivateFrameworks/CommonAuth.framework/Versions/A/CommonAuth
0x00007fff4a4f5000 	/System/Library/PrivateFrameworks/AssertionServices.framework/Versions/A/AssertionServices
0x00007fff4b098000 	/System/Library/PrivateFrameworks/AudioToolboxCore.framework/Versions/A/AudioToolboxCore
0x00007fff6a1a6000 	/System/Library/PrivateFrameworks/caulk.framework/Versions/A/caulk
0x00007fff4b661000 	/System/Library/PrivateFrameworks/BaseBoard.framework/Versions/A/BaseBoard
0x00007fff627f1000 	/System/Library/PrivateFrameworks/RunningBoardServices.framework/Versions/A/RunningBoardServices
0x00007fff5f802000 	/System/Library/PrivateFrameworks/PersistentConnection.framework/Versions/A/PersistentConnection
0x00007fff621ea000 	/System/Library/PrivateFrameworks/ProtocolBuffer.framework/Versions/A/ProtocolBuffer
0x00007fff4d2ca000 	/System/Library/PrivateFrameworks/CommonUtilities.framework/Versions/A/CommonUtilities
0x00007fff4b7ef000 	/System/Library/PrivateFrameworks/Bom.framework/Versions/A/Bom
0x00007fff6cfdc000 	/usr/lib/libAudioToolboxUtility.dylib
0x00007fff4b5bf000 	/System/Library/PrivateFrameworks/Backup.framework/Versions/A/Backup
0x00007fff5039c000 	/System/Library/PrivateFrameworks/CrashReporterSupport.framework/Versions/A/CrashReporterSupport
0x00007fff64283000 	/System/Library/PrivateFrameworks/Sharing.framework/Versions/A/Sharing
0x00007fff49b03000 	/System/Library/PrivateFrameworks/Apple80211.framework/Versions/A/Apple80211
0x00007fff4b2dc000 	/System/Library/PrivateFrameworks/AuthKit.framework/Versions/A/AuthKit
0x00007fff500a9000 	/System/Library/PrivateFrameworks/CoreUtils.framework/Versions/A/CoreUtils
0x00007fff384f7000 	/System/Library/Frameworks/CoreWLAN.framework/Versions/A/CoreWLAN
0x00007fff3911b000 	/System/Library/Frameworks/IOBluetooth.framework/Versions/A/IOBluetooth
0x00007fff5d3bd000 	/System/Library/PrivateFrameworks/MobileKeyBag.framework/Versions/A/MobileKeyBag
0x00007fff4eeae000 	/System/Library/PrivateFrameworks/CorePhoneNumbers.framework/Versions/A/CorePhoneNumbers
0x00007fff49ef3000 	/System/Library/PrivateFrameworks/AppleIDAuthSupport.framework/Versions/A/AppleIDAuthSupport
0x00007fff3ce4d000 	/System/Library/Frameworks/Network.framework/Versions/A/Network
0x00007fff5ba49000 	/System/Library/PrivateFrameworks/KeychainCircle.framework/Versions/A/KeychainCircle
0x00007fff35f48000 	/System/Library/Frameworks/CoreBluetooth.framework/Versions/A/CoreBluetooth
0x00007fff66302000 	/System/Library/PrivateFrameworks/SpeechRecognitionCore.framework/Versions/A/SpeechRecognitionCore
0x00007fff2956a000 	/System/Library/CoreServices/Encodings/libSimplifiedChineseConverter.dylib
0x000000010b000000 	/Users/winterchen/study/jdk-11.0.9.jdk/Contents/Home/lib/server/libjvm.dylib
0x000000010a71f000 	/Users/winterchen/study/jdk-11.0.9.jdk/Contents/Home/lib/libverify.dylib
0x000000010a72f000 	/Users/winterchen/study/jdk-11.0.9.jdk/Contents/Home/lib/libjava.dylib
0x000000010a75c000 	/Users/winterchen/study/jdk-11.0.9.jdk/Contents/Home/lib/libjimage.dylib
0x000000010a76a000 	/Users/winterchen/study/jdk-11.0.9.jdk/Contents/Home/lib/libinstrument.dylib
0x000000010a7c1000 	/Users/winterchen/study/jdk-11.0.9.jdk/Contents/Home/lib/libzip.dylib


VM Arguments:
jvm_args: --add-modules=ALL-SYSTEM --add-opens=java.base/java.util=ALL-UNNAMED --add-opens=java.base/java.lang=ALL-UNNAMED -Declipse.application=org.eclipse.jdt.ls.core.id1 -Dosgi.bundles.defaultStartLevel=4 -Declipse.product=org.eclipse.jdt.ls.core.product -Dfile.encoding=utf8 -XX:+UseParallelGC -XX:GCTimeRatio=4 -XX:AdaptiveSizePolicyWeight=90 -Dsun.zip.disableMemoryMapping=true -Xmx1G -Xms100m -javaagent:/Users/winterchen/.vscode/extensions/gabrielbb.vscode-lombok-1.0.1/server/lombok.jar -Xverify:none 
java_command: /Users/winterchen/.vscode/extensions/redhat.java-0.80.0/server/plugins/org.eclipse.equinox.launcher_1.6.200.v20210416-2027.jar -configuration /Users/winterchen/Library/Application Support/Code/User/globalStorage/redhat.java/0.80.0/config_ss_mac -data /Users/winterchen/Library/Application Support/Code/User/workspaceStorage/8fce040a1d01425d5a554bd16dfd97bc/redhat.java/ss_ws
java_class_path (initial): /Users/winterchen/.vscode/extensions/redhat.java-0.80.0/server/plugins/org.eclipse.equinox.launcher_1.6.200.v20210416-2027.jar
Launcher Type: SUN_STANDARD

[Global flags]
    uintx AdaptiveSizePolicyWeight                 = 90                                        {product} {command line}
     bool BytecodeVerificationLocal                = false                                     {product} {command line}
     bool BytecodeVerificationRemote               = false                                     {product} {command line}
    uintx GCTimeRatio                              = 4                                         {product} {command line}
   size_t InitialHeapSize                          = 104857600                                 {product} {command line}
   size_t MaxHeapSize                              = 1073741824                                {product} {command line}
    uintx ReservedCodeCacheSize                    = 251658240                              {pd product} {ergonomic}
     bool SegmentedCodeCache                       = true                                      {product} {ergonomic}
     bool UseCompressedClassPointers               = true                                 {lp64_product} {ergonomic}
     bool UseCompressedOops                        = true                                 {lp64_product} {ergonomic}
     bool UseParallelGC                            = true                                      {product} {command line}

Logging:
Log output configuration:
 #0: stdout all=warning uptime,level,tags
 #1: stderr all=off uptime,level,tags

Environment Variables:
PATH=/usr/local/bin:/usr/bin:/bin:/usr/sbin:/sbin:/Applications/VMware Fusion.app/Contents/Public:/Library/Apple/usr/bin
SHELL=/bin/zsh

Signal Handlers:
SIGSEGV: [libjvm.dylib+0x794d6c], sa_mask[0]=11111111011111110111111111111111, sa_flags=SA_ONSTACK|SA_RESTART|SA_SIGINFO
SIGBUS: [libjvm.dylib+0x794d6c], sa_mask[0]=11111111011111110111111111111111, sa_flags=SA_RESTART|SA_SIGINFO
SIGFPE: [libjvm.dylib+0x794d6c], sa_mask[0]=11111111011111110111111111111111, sa_flags=SA_RESTART|SA_SIGINFO
SIGPIPE: [libjvm.dylib+0x6457fb], sa_mask[0]=11111111011111110111111111111111, sa_flags=SA_RESTART|SA_SIGINFO
SIGXFSZ: [libjvm.dylib+0x6457fb], sa_mask[0]=11111111011111110111111111111111, sa_flags=SA_RESTART|SA_SIGINFO
SIGILL: [libjvm.dylib+0x794d6c], sa_mask[0]=11111111011111110111111111111111, sa_flags=SA_RESTART|SA_SIGINFO
SIGUSR2: [libjvm.dylib+0x645de5], sa_mask[0]=00000000000000000000000000000000, sa_flags=SA_RESTART|SA_SIGINFO
SIGHUP: SIG_DFL, sa_mask[0]=00000000000000000000000000000000, sa_flags=none
SIGINT: SIG_DFL, sa_mask[0]=00000000000000000000000000000000, sa_flags=none
SIGTERM: SIG_DFL, sa_mask[0]=00000000000000000000000000000000, sa_flags=none
SIGQUIT: SIG_DFL, sa_mask[0]=00000000000000000000000000000000, sa_flags=none


---------------  S Y S T E M  ---------------

OS:uname:Darwin 19.6.0 Darwin Kernel Version 19.6.0: Thu Jun 18 20:49:00 PDT 2020; root:xnu-6153.141.1~1/RELEASE_X86_64 x86_64
rlimit: STACK 8192k, CORE 0k, NPROC 1392, NOFILE 10240, AS infinity, DATA infinity, FSIZE infinity
load average:21.94 11.73 8.68

CPU:total 4 (initial active 4) 

Memory: 4k page, physical 8388608k(264592k free)

vm_info: Java HotSpot(TM) 64-Bit Server VM (11.0.9+7-LTS) for bsd-amd64 JRE (11.0.9+7-LTS), built on Sep 15 2020 15:57:40 by "mach5one" with gcc 4.2.1 Compatible Apple LLVM 10.0.0 (clang-1000.11.45.5)

END.
